datetimepicker-library/build/outputs/logs/manifest-merger-debug-report.txt
-- Merging decision tree log ---
manifest
ADDED from Smart_pra_ngc\datetimepicker-library\AndroidManifest.xml:1:1-6:12
INJECTED from Smart_pra_ngc\datetimepicker-library\AndroidManifest.xml:1:1-6:12
INJECTED from Smart_pra_ngc\datetimepicker-library\AndroidManifest.xml:1:1-6:12
INJECTED from Smart_pra_ngc\datetimepicker-library\AndroidManifest.xml:1:1-6:12
INJECTED from Smart_pra_ngc\datetimepicker-library\AndroidManifest.xml:1:1-6:12
INJECTED from Smart_pra_ngc\datetimepicker-library\AndroidManifest.xml:1:1-6:12
INJECTED from Smart_pra_ngc\datetimepicker-library\AndroidManifest.xml:1:1-6:12
	package
		ADDED from Smart_pra_ngc\datetimepicker-library\AndroidManifest.xml:2:5-41
		INJECTED from Smart_pra_ngc\datetimepicker-library\AndroidManifest.xml
		INJECTED from Smart_pra_ngc\datetimepicker-library\AndroidManifest.xml
	android:versionName
		INJECTED from Smart_pra_ngc\datetimepicker-library\AndroidManifest.xml
		ADDED from Smart_pra_ngc\datetimepicker-library\AndroidManifest.xml:1:1-6:12
		INJECTED from Smart_pra_ngc\datetimepicker-library\AndroidManifest.xml
	android:versionCode
		INJECTED from Smart_pra_ngc\datetimepicker-library\AndroidManifest.xml
		ADDED from Smart_pra_ngc\datetimepicker-library\AndroidManifest.xml:1:1-6:12
		INJECTED from Smart_pra_ngc\datetimepicker-library\AndroidManifest.xml
	xmlns:android
		ADDED from Smart_pra_ngc\datetimepicker-library\AndroidManifest.xml:1:11-69
application
ADDED from Smart_pra_ngc\datetimepicker-library\AndroidManifest.xml:4:5-20
uses-sdk
INJECTED from Smart_pra_ngc\datetimepicker-library\AndroidManifest.xml reason: use-sdk injection requested
INJECTED from Smart_pra_ngc\datetimepicker-library\AndroidManifest.xml
INJECTED from Smart_pra_ngc\datetimepicker-library\AndroidManifest.xml
INJECTED from Smart_pra_ngc\datetimepicker-library\AndroidManifest.xml
INJECTED from Smart_pra_ngc\datetimepicker-library\AndroidManifest.xml
	android:targetSdkVersion
		INJECTED from Smart_pra_ngc\datetimepicker-library\AndroidManifest.xml
		ADDED from Smart_pra_ngc\datetimepicker-library\AndroidManifest.xml
		INJECTED from Smart_pra_ngc\datetimepicker-library\AndroidManifest.xml
	android:minSdkVersion
		INJECTED from Smart_pra_ngc\datetimepicker-library\AndroidManifest.xml
		ADDED from Smart_pra_ngc\datetimepicker-library\AndroidManifest.xml
		INJECTED from Smart_pra_ngc\datetimepicker-library\AndroidManifest.xml